[0105/125550.364:ERROR:cef_log.cpp(16)] [Browser process] SetBounds() not implemented on this platform

[0105/125555.348:ERROR:cef_log.cpp(16)] [Browser process] SetBounds() not implemented on this platform

[0105/125555.358:ERROR:cef_log.cpp(16)] [Browser process] SetBounds() not implemented on this platform

[0105/125555.373:ERROR:cef_log.cpp(16)] [Browser process] SetBounds() not implemented on this platform

[0105/125555.389:ERROR:cef_log.cpp(16)] [Browser process] SetBounds() not implemented on this platform

[0105/125555.405:ERROR:cef_log.cpp(16)] [Browser process] SetBounds() not implemented on this platform

[0105/125555.422:ERROR:cef_log.cpp(16)] [Browser process] SetBounds() not implemented on this platform

[0105/125555.436:ERROR:cef_log.cpp(16)] [Browser process] SetBounds() not implemented on this platform

[0105/125555.452:ERROR:cef_log.cpp(16)] [Browser process] SetBounds() not implemented on this platform

[0105/125555.467:ERROR:cef_log.cpp(16)] [Browser process] SetBounds() not implemented on this platform

[0105/125555.483:ERROR:cef_log.cpp(16)] [Browser process] SetBounds() not implemented on this platform

[0105/125555.500:ERROR:cef_log.cpp(16)] [Browser process] SetBounds() not implemented on this platform

[0105/125555.516:ERROR:cef_log.cpp(16)] [Browser process] SetBounds() not implemented on this platform

[0105/125555.531:ERROR:cef_log.cpp(16)] [Browser process] SetBounds() not implemented on this platform

[0105/125555.546:ERROR:cef_log.cpp(16)] [Browser process] SetBounds() not implemented on this platform

[0105/125555.563:ERROR:cef_log.cpp(16)] [Browser process] SetBounds() not implemented on this platform

[0105/125555.580:ERROR:cef_log.cpp(16)] [Browser process] SetBounds() not implemented on this platform

[0105/125555.594:ERROR:cef_log.cpp(16)] [Browser process] SetBounds() not implemented on this platform

[0105/125555.669:ERROR:cef_log.cpp(16)] [Browser process] SetBounds() not implemented on this platform

[0105/125555.677:ERROR:cef_log.cpp(16)] [Browser process] SetBounds() not implemented on this platform

[0105/125555.691:ERROR:cef_log.cpp(16)] [Browser process] SetBounds() not implemented on this platform

[0105/125555.699:ERROR:cef_log.cpp(16)] [Browser process] SetBounds() not implemented on this platform

[0105/125555.709:ERROR:cef_log.cpp(16)] [Browser process] SetBounds() not implemented on this platform

[0105/125555.715:ERROR:cef_log.cpp(16)] [Browser process] SetBounds() not implemented on this platform

[0105/125555.723:ERROR:cef_log.cpp(16)] [Browser process] SetBounds() not implemented on this platform

[0105/125555.731:ERROR:cef_log.cpp(16)] [Browser process] SetBounds() not implemented on this platform

[0105/125555.739:ERROR:cef_log.cpp(16)] [Browser process] SetBounds() not implemented on this platform

[0105/125555.747:ERROR:cef_log.cpp(16)] [Browser process] SetBounds() not implemented on this platform

[0105/125555.755:ERROR:cef_log.cpp(16)] [Browser process] SetBounds() not implemented on this platform

[0105/125555.762:ERROR:cef_log.cpp(16)] [Browser process] SetBounds() not implemented on this platform

[0105/125555.772:ERROR:cef_log.cpp(16)] [Browser process] SetBounds() not implemented on this platform

[0105/125555.780:ERROR:cef_log.cpp(16)] [Browser process] SetBounds() not implemented on this platform

[0105/125555.795:ERROR:cef_log.cpp(16)] [Browser process] SetBounds() not implemented on this platform

[0105/125555.803:ERROR:cef_log.cpp(16)] [Browser process] SetBounds() not implemented on this platform

[0105/125555.812:ERROR:cef_log.cpp(16)] [Browser process] SetBounds() not implemented on this platform

[0105/125555.819:ERROR:cef_log.cpp(16)] [Browser process] SetBounds() not implemented on this platform

[0105/125555.828:ERROR:cef_log.cpp(16)] [Browser process] SetBounds() not implemented on this platform

[0105/125555.844:ERROR:cef_log.cpp(16)] [Browser process] SetBounds() not implemented on this platform

[0105/125555.860:ERROR:cef_log.cpp(16)] [Browser process] SetBounds() not implemented on this platform

[0105/125555.877:ERROR:cef_log.cpp(16)] [Browser process] SetBounds() not implemented on this platform

[0105/125555.892:ERROR:cef_log.cpp(16)] [Browser process] SetBounds() not implemented on this platform

[0105/125555.908:ERROR:cef_log.cpp(16)] [Browser process] SetBounds() not implemented on this platform

[0105/125555.924:ERROR:cef_log.cpp(16)] [Browser process] SetBounds() not implemented on this platform

[0105/125555.939:ERROR:cef_log.cpp(16)] [Browser process] SetBounds() not implemented on this platform

[0105/125555.956:ERROR:cef_log.cpp(16)] [Browser process] SetBounds() not implemented on this platform

[0105/125556.069:ERROR:cef_log.cpp(16)] [Browser process] SetBounds() not implemented on this platform

[0105/125556.077:ERROR:cef_log.cpp(16)] [Browser process] SetBounds() not implemented on this platform

[0105/125556.093:ERROR:cef_log.cpp(16)] [Browser process] SetBounds() not implemented on this platform

[0105/125556.109:ERROR:cef_log.cpp(16)] [Browser process] SetBounds() not implemented on this platform

[0105/125556.124:ERROR:cef_log.cpp(16)] [Browser process] SetBounds() not implemented on this platform

[0105/125556.139:ERROR:cef_log.cpp(16)] [Browser process] SetBounds() not implemented on this platform

[0105/125556.156:ERROR:cef_log.cpp(16)] [Browser process] SetBounds() not implemented on this platform

[0105/125556.171:ERROR:cef_log.cpp(16)] [Browser process] SetBounds() not implemented on this platform

[0105/125556.187:ERROR:cef_log.cpp(16)] [Browser process] SetBounds() not implemented on this platform

[0105/125556.203:ERROR:cef_log.cpp(16)] [Browser process] SetBounds() not implemented on this platform

[0105/125556.219:ERROR:cef_log.cpp(16)] [Browser process] SetBounds() not implemented on this platform

[0105/125556.236:ERROR:cef_log.cpp(16)] [Browser process] SetBounds() not implemented on this platform

[0105/125556.251:ERROR:cef_log.cpp(16)] [Browser process] SetBounds() not implemented on this platform

[0105/125556.267:ERROR:cef_log.cpp(16)] [Browser process] SetBounds() not implemented on this platform

[0105/125556.283:ERROR:cef_log.cpp(16)] [Browser process] SetBounds() not implemented on this platform

[0105/125556.294:ERROR:cef_log.cpp(16)] [Browser process] SetBounds() not implemented on this platform

[0105/125556.309:ERROR:cef_log.cpp(16)] [Browser process] SetBounds() not implemented on this platform

[0105/125556.326:ERROR:cef_log.cpp(16)] [Browser process] SetBounds() not implemented on this platform

[0105/125556.342:ERROR:cef_log.cpp(16)] [Browser process] SetBounds() not implemented on this platform

[0105/125556.358:ERROR:cef_log.cpp(16)] [Browser process] SetBounds() not implemented on this platform

[0105/125556.374:ERROR:cef_log.cpp(16)] [Browser process] SetBounds() not implemented on this platform

[0105/125556.388:ERROR:cef_log.cpp(16)] [Browser process] SetBounds() not implemented on this platform

[0105/125556.404:ERROR:cef_log.cpp(16)] [Browser process] SetBounds() not implemented on this platform

[0105/125556.419:ERROR:cef_log.cpp(16)] [Browser process] SetBounds() not implemented on this platform

[0105/125556.435:ERROR:cef_log.cpp(16)] [Browser process] SetBounds() not implemented on this platform

[0105/125556.451:ERROR:cef_log.cpp(16)] [Browser process] SetBounds() not implemented on this platform

[0105/125556.467:ERROR:cef_log.cpp(16)] [Browser process] SetBounds() not implemented on this platform

[0105/125556.483:ERROR:cef_log.cpp(16)] [Browser process] SetBounds() not implemented on this platform

[0105/125556.498:ERROR:cef_log.cpp(16)] [Browser process] SetBounds() not implemented on this platform

[0105/125603.988:ERROR:cef_log.cpp(16)] [Browser process] SetBounds() not implemented on this platform

[0105/125604.003:ERROR:cef_log.cpp(16)] [Browser process] SetBounds() not implemented on this platform

[0105/125604.014:ERROR:cef_log.cpp(16)] [Browser process] SetBounds() not implemented on this platform

[0105/125604.030:ERROR:cef_log.cpp(16)] [Browser process] SetBounds() not implemented on this platform

[0105/125604.046:ERROR:cef_log.cpp(16)] [Browser process] SetBounds() not implemented on this platform

[0105/125604.062:ERROR:cef_log.cpp(16)] [Browser process] SetBounds() not implemented on this platform

[0105/125604.077:ERROR:cef_log.cpp(16)] [Browser process] SetBounds() not implemented on this platform

[0105/125604.093:ERROR:cef_log.cpp(16)] [Browser process] SetBounds() not implemented on this platform

[0105/125604.108:ERROR:cef_log.cpp(16)] [Browser process] SetBounds() not implemented on this platform

[0105/125604.123:ERROR:cef_log.cpp(16)] [Browser process] SetBounds() not implemented on this platform

[0105/125604.140:ERROR:cef_log.cpp(16)] [Browser process] SetBounds() not implemented on this platform

[0105/125604.156:ERROR:cef_log.cpp(16)] [Browser process] SetBounds() not implemented on this platform

[0105/125604.172:ERROR:cef_log.cpp(16)] [Browser process] SetBounds() not implemented on this platform

[0105/125604.185:ERROR:cef_log.cpp(16)] [Browser process] SetBounds() not implemented on this platform

[0105/125604.200:ERROR:cef_log.cpp(16)] [Browser process] SetBounds() not implemented on this platform

[0105/125604.220:ERROR:cef_log.cpp(16)] [Browser process] SetBounds() not implemented on this platform

[0105/125604.236:ERROR:cef_log.cpp(16)] [Browser process] SetBounds() not implemented on this platform

[0105/125604.246:ERROR:cef_log.cpp(16)] [Browser process] SetBounds() not implemented on this platform

[0105/125604.268:ERROR:cef_log.cpp(16)] [Browser process] SetBounds() not implemented on this platform

[0105/125604.349:ERROR:cef_log.cpp(16)] [Browser process] SetBounds() not implemented on this platform

[0105/125604.373:ERROR:cef_log.cpp(16)] [Browser process] SetBounds() not implemented on this platform

[0105/125604.389:ERROR:cef_log.cpp(16)] [Browser process] SetBounds() not implemented on this platform

[0105/125604.420:ERROR:cef_log.cpp(16)] [Browser process] SetBounds() not implemented on this platform

[0105/125604.436:ERROR:cef_log.cpp(16)] [Browser process] SetBounds() not implemented on this platform

[0105/125604.451:ERROR:cef_log.cpp(16)] [Browser process] SetBounds() not implemented on this platform

[0105/125604.468:ERROR:cef_log.cpp(16)] [Browser process] SetBounds() not implemented on this platform

[0105/125604.483:ERROR:cef_log.cpp(16)] [Browser process] SetBounds() not implemented on this platform

[0105/125604.497:ERROR:cef_log.cpp(16)] [Browser process] SetBounds() not implemented on this platform

[0105/125604.516:ERROR:cef_log.cpp(16)] [Browser process] SetBounds() not implemented on this platform

[0105/125604.532:ERROR:cef_log.cpp(16)] [Browser process] SetBounds() not implemented on this platform

[0105/125604.629:ERROR:cef_log.cpp(16)] [Browser process] SetBounds() not implemented on this platform

[0105/125604.647:ERROR:cef_log.cpp(16)] [Browser process] SetBounds() not implemented on this platform

[0105/125604.661:ERROR:cef_log.cpp(16)] [Browser process] SetBounds() not implemented on this platform

[0105/125604.669:ERROR:cef_log.cpp(16)] [Browser process] SetBounds() not implemented on this platform

[0105/125604.685:ERROR:cef_log.cpp(16)] [Browser process] SetBounds() not implemented on this platform

[0105/125604.702:ERROR:cef_log.cpp(16)] [Browser process] SetBounds() not implemented on this platform

[0105/125604.718:ERROR:cef_log.cpp(16)] [Browser process] SetBounds() not implemented on this platform

[0105/125604.731:ERROR:cef_log.cpp(16)] [Browser process] SetBounds() not implemented on this platform

[0105/125604.748:ERROR:cef_log.cpp(16)] [Browser process] SetBounds() not implemented on this platform

[0105/125604.766:ERROR:cef_log.cpp(16)] [Browser process] SetBounds() not implemented on this platform

[0105/125604.780:ERROR:cef_log.cpp(16)] [Browser process] SetBounds() not implemented on this platform

[0105/125604.793:ERROR:cef_log.cpp(16)] [Browser process] SetBounds() not implemented on this platform

[0105/125604.809:ERROR:cef_log.cpp(16)] [Browser process] SetBounds() not implemented on this platform

[0105/125604.828:ERROR:cef_log.cpp(16)] [Browser process] SetBounds() not implemented on this platform

[0105/125604.851:ERROR:cef_log.cpp(16)] [Browser process] SetBounds() not implemented on this platform

[0105/125604.884:ERROR:cef_log.cpp(16)] [Browser process] SetBounds() not implemented on this platform

[0105/125604.972:ERROR:cef_log.cpp(16)] [Browser process] SetBounds() not implemented on this platform

[0105/125605.012:ERROR:cef_log.cpp(16)] [Browser process] SetBounds() not implemented on this platform

[0105/125605.031:ERROR:cef_log.cpp(16)] [Browser process] SetBounds() not implemented on this platform

[0105/125605.052:ERROR:cef_log.cpp(16)] [Browser process] SetBounds() not implemented on this platform

[0105/125907.961:ERROR:cef_log.cpp(16)] [Browser process] SetBounds() not implemented on this platform

[0105/130017.505:ERROR:cef_log.cpp(16)] [Browser process] SetBounds() not implemented on this platform

[0105/130229.739:ERROR:cef_log.cpp(16)] [Browser process] SetBounds() not implemented on this platform

[0105/130233.405:ERROR:cef_log.cpp(16)] [Browser process] SetBounds() not implemented on this platform

[0105/130233.419:ERROR:cef_log.cpp(16)] [Browser process] SetBounds() not implemented on this platform

[0105/130233.435:ERROR:cef_log.cpp(16)] [Browser process] SetBounds() not implemented on this platform

[0105/130233.452:ERROR:cef_log.cpp(16)] [Browser process] SetBounds() not implemented on this platform

[0105/130233.466:ERROR:cef_log.cpp(16)] [Browser process] SetBounds() not implemented on this platform

[0105/130233.481:ERROR:cef_log.cpp(16)] [Browser process] SetBounds() not implemented on this platform

[0105/130233.497:ERROR:cef_log.cpp(16)] [Browser process] SetBounds() not implemented on this platform

[0105/130233.512:ERROR:cef_log.cpp(16)] [Browser process] SetBounds() not implemented on this platform

[0105/130233.527:ERROR:cef_log.cpp(16)] [Browser process] SetBounds() not implemented on this platform

[0105/130233.543:ERROR:cef_log.cpp(16)] [Browser process] SetBounds() not implemented on this platform

[0105/130233.565:ERROR:cef_log.cpp(16)] [Browser process] SetBounds() not implemented on this platform

[0105/130233.580:ERROR:cef_log.cpp(16)] [Browser process] SetBounds() not implemented on this platform

[0105/130233.596:ERROR:cef_log.cpp(16)] [Browser process] SetBounds() not implemented on this platform

[0105/130233.612:ERROR:cef_log.cpp(16)] [Browser process] SetBounds() not implemented on this platform

[0105/130233.621:ERROR:cef_log.cpp(16)] [Browser process] SetBounds() not implemented on this platform

[0105/130233.644:ERROR:cef_log.cpp(16)] [Browser process] SetBounds() not implemented on this platform

[0105/130233.772:ERROR:cef_log.cpp(16)] [Browser process] SetBounds() not implemented on this platform

[0105/130233.788:ERROR:cef_log.cpp(16)] [Browser process] SetBounds() not implemented on this platform

[0105/130233.797:ERROR:cef_log.cpp(16)] [Browser process] SetBounds() not implemented on this platform

[0105/130233.813:ERROR:cef_log.cpp(16)] [Browser process] SetBounds() not implemented on this platform

[0105/130233.830:ERROR:cef_log.cpp(16)] [Browser process] SetBounds() not implemented on this platform

[0105/130233.846:ERROR:cef_log.cpp(16)] [Browser process] SetBounds() not implemented on this platform

[0105/130233.860:ERROR:cef_log.cpp(16)] [Browser process] SetBounds() not implemented on this platform

[0105/130233.876:ERROR:cef_log.cpp(16)] [Browser process] SetBounds() not implemented on this platform

[0105/130233.892:ERROR:cef_log.cpp(16)] [Browser process] SetBounds() not implemented on this platform

[0105/130233.908:ERROR:cef_log.cpp(16)] [Browser process] SetBounds() not implemented on this platform

[0105/130233.923:ERROR:cef_log.cpp(16)] [Browser process] SetBounds() not implemented on this platform

[0105/130233.940:ERROR:cef_log.cpp(16)] [Browser process] SetBounds() not implemented on this platform

[0105/130233.954:ERROR:cef_log.cpp(16)] [Browser process] SetBounds() not implemented on this platform

[0105/130233.966:ERROR:cef_log.cpp(16)] [Browser process] SetBounds() not implemented on this platform

[0105/130233.986:ERROR:cef_log.cpp(16)] [Browser process] SetBounds() not implemented on this platform

[0105/130233.998:ERROR:cef_log.cpp(16)] [Browser process] SetBounds() not implemented on this platform

[0105/130234.037:ERROR:cef_log.cpp(16)] [Browser process] SetBounds() not implemented on this platform

[0105/130234.047:ERROR:cef_log.cpp(16)] [Browser process] SetBounds() not implemented on this platform

[0105/130234.062:ERROR:cef_log.cpp(16)] [Browser process] SetBounds() not implemented on this platform

[0105/130234.076:ERROR:cef_log.cpp(16)] [Browser process] SetBounds() not implemented on this platform

[0105/130234.094:ERROR:cef_log.cpp(16)] [Browser process] SetBounds() not implemented on this platform

[0105/130234.107:ERROR:cef_log.cpp(16)] [Browser process] SetBounds() not implemented on this platform

[0105/130234.124:ERROR:cef_log.cpp(16)] [Browser process] SetBounds() not implemented on this platform

[0105/130234.140:ERROR:cef_log.cpp(16)] [Browser process] SetBounds() not implemented on this platform

[0105/130234.156:ERROR:cef_log.cpp(16)] [Browser process] SetBounds() not implemented on this platform

[0105/130234.169:ERROR:cef_log.cpp(16)] [Browser process] SetBounds() not implemented on this platform

[0105/130234.272:ERROR:cef_log.cpp(16)] [Browser process] SetBounds() not implemented on this platform

[0105/130234.281:ERROR:cef_log.cpp(16)] [Browser process] SetBounds() not implemented on this platform

[0105/130234.293:ERROR:cef_log.cpp(16)] [Browser process] SetBounds() not implemented on this platform

[0105/130234.309:ERROR:cef_log.cpp(16)] [Browser process] SetBounds() not implemented on this platform

[0105/130234.325:ERROR:cef_log.cpp(16)] [Browser process] SetBounds() not implemented on this platform

[0105/130234.342:ERROR:cef_log.cpp(16)] [Browser process] SetBounds() not implemented on this platform

[0105/130234.356:ERROR:cef_log.cpp(16)] [Browser process] SetBounds() not implemented on this platform

[0105/130303.421:ERROR:cef_log.cpp(16)] [Browser process] SetBounds() not implemented on this platform

[0105/130747.467:ERROR:cef_log.cpp(16)] [Browser process] SetBounds() not implemented on this platform

[0105/130808.173:ERROR:cef_log.cpp(16)] [Browser process] SetBounds() not implemented on this platform

[0105/130808.185:ERROR:cef_log.cpp(16)] [Browser process] SetBounds() not implemented on this platform

[0105/130808.203:ERROR:cef_log.cpp(16)] [Browser process] SetBounds() not implemented on this platform

[0105/130808.215:ERROR:cef_log.cpp(16)] [Browser process] SetBounds() not implemented on this platform

[0105/130808.234:ERROR:cef_log.cpp(16)] [Browser process] SetBounds() not implemented on this platform

[0105/130808.246:ERROR:cef_log.cpp(16)] [Browser process] SetBounds() not implemented on this platform

[0105/130808.264:ERROR:cef_log.cpp(16)] [Browser process] SetBounds() not implemented on this platform

[0105/130808.280:ERROR:cef_log.cpp(16)] [Browser process] SetBounds() not implemented on this platform

[0105/130808.297:ERROR:cef_log.cpp(16)] [Browser process] SetBounds() not implemented on this platform

[0105/130808.310:ERROR:cef_log.cpp(16)] [Browser process] SetBounds() not implemented on this platform

[0105/130808.326:ERROR:cef_log.cpp(16)] [Browser process] SetBounds() not implemented on this platform

[0105/130808.341:ERROR:cef_log.cpp(16)] [Browser process] SetBounds() not implemented on this platform

[0105/130808.359:ERROR:cef_log.cpp(16)] [Browser process] SetBounds() not implemented on this platform

[0105/130808.372:ERROR:cef_log.cpp(16)] [Browser process] SetBounds() not implemented on this platform

[0105/130808.391:ERROR:cef_log.cpp(16)] [Browser process] SetBounds() not implemented on this platform

[0105/130808.686:ERROR:cef_log.cpp(16)] [Browser process] SetBounds() not implemented on this platform

[0105/130808.699:ERROR:cef_log.cpp(16)] [Browser process] SetBounds() not implemented on this platform

[0105/130808.716:ERROR:cef_log.cpp(16)] [Browser process] SetBounds() not implemented on this platform

[0105/130808.732:ERROR:cef_log.cpp(16)] [Browser process] SetBounds() not implemented on this platform

[0105/130808.748:ERROR:cef_log.cpp(16)] [Browser process] SetBounds() not implemented on this platform

[0105/130808.762:ERROR:cef_log.cpp(16)] [Browser process] SetBounds() not implemented on this platform

[0105/130808.780:ERROR:cef_log.cpp(16)] [Browser process] SetBounds() not implemented on this platform

[0105/130808.794:ERROR:cef_log.cpp(16)] [Browser process] SetBounds() not implemented on this platform

[0105/130808.812:ERROR:cef_log.cpp(16)] [Browser process] SetBounds() not implemented on this platform

[0105/130808.825:ERROR:cef_log.cpp(16)] [Browser process] SetBounds() not implemented on this platform

[0105/130808.844:ERROR:cef_log.cpp(16)] [Browser process] SetBounds() not implemented on this platform

[0105/130808.857:ERROR:cef_log.cpp(16)] [Browser process] SetBounds() not implemented on this platform

[0105/130808.876:ERROR:cef_log.cpp(16)] [Browser process] SetBounds() not implemented on this platform

[0105/130808.890:ERROR:cef_log.cpp(16)] [Browser process] SetBounds() not implemented on this platform

[0105/130808.905:ERROR:cef_log.cpp(16)] [Browser process] SetBounds() not implemented on this platform

[0105/130808.918:ERROR:cef_log.cpp(16)] [Browser process] SetBounds() not implemented on this platform

[0105/130808.937:ERROR:cef_log.cpp(16)] [Browser process] SetBounds() not implemented on this platform

[0105/130808.949:ERROR:cef_log.cpp(16)] [Browser process] SetBounds() not implemented on this platform

[0105/130808.965:ERROR:cef_log.cpp(16)] [Browser process] SetBounds() not implemented on this platform

[0105/130808.982:ERROR:cef_log.cpp(16)] [Browser process] SetBounds() not implemented on this platform

[0105/130808.998:ERROR:cef_log.cpp(16)] [Browser process] SetBounds() not implemented on this platform

[0105/130809.014:ERROR:cef_log.cpp(16)] [Browser process] SetBounds() not implemented on this platform

[0105/130809.027:ERROR:cef_log.cpp(16)] [Browser process] SetBounds() not implemented on this platform

[0105/130809.052:ERROR:cef_log.cpp(16)] [Browser process] SetBounds() not implemented on this platform

[0105/130809.067:ERROR:cef_log.cpp(16)] [Browser process] SetBounds() not implemented on this platform

[0105/130809.188:ERROR:cef_log.cpp(16)] [Browser process] SetBounds() not implemented on this platform

[0105/130809.221:ERROR:cef_log.cpp(16)] [Browser process] SetBounds() not implemented on this platform

[0105/130809.231:ERROR:cef_log.cpp(16)] [Browser process] SetBounds() not implemented on this platform

[0105/130809.332:ERROR:cef_log.cpp(16)] [Browser process] SetBounds() not implemented on this platform

[0105/130809.370:ERROR:cef_log.cpp(16)] [Browser process] SetBounds() not implemented on this platform

[0105/130809.390:ERROR:cef_log.cpp(16)] [Browser process] SetBounds() not implemented on this platform

[0105/130809.405:ERROR:cef_log.cpp(16)] [Browser process] SetBounds() not implemented on this platform

[0105/130809.420:ERROR:cef_log.cpp(16)] [Browser process] SetBounds() not implemented on this platform

[0105/130809.437:ERROR:cef_log.cpp(16)] [Browser process] SetBounds() not implemented on this platform

[0105/130809.451:ERROR:cef_log.cpp(16)] [Browser process] SetBounds() not implemented on this platform

[0105/130809.468:ERROR:cef_log.cpp(16)] [Browser process] SetBounds() not implemented on this platform

[0105/130809.484:ERROR:cef_log.cpp(16)] [Browser process] SetBounds() not implemented on this platform

[0105/130809.497:ERROR:cef_log.cpp(16)] [Browser process] SetBounds() not implemented on this platform

[0105/130809.516:ERROR:cef_log.cpp(16)] [Browser process] SetBounds() not implemented on this platform

[0105/130809.530:ERROR:cef_log.cpp(16)] [Browser process] SetBounds() not implemented on this platform

[0105/130809.548:ERROR:cef_log.cpp(16)] [Browser process] SetBounds() not implemented on this platform

[0105/130809.558:ERROR:cef_log.cpp(16)] [Browser process] SetBounds() not implemented on this platform

[0105/130809.574:ERROR:cef_log.cpp(16)] [Browser process] SetBounds() not implemented on this platform

[0105/130809.593:ERROR:cef_log.cpp(16)] [Browser process] SetBounds() not implemented on this platform

[0105/130809.606:ERROR:cef_log.cpp(16)] [Browser process] SetBounds() not implemented on this platform

[0105/130809.621:ERROR:cef_log.cpp(16)] [Browser process] SetBounds() not implemented on this platform

[0105/130809.638:ERROR:cef_log.cpp(16)] [Browser process] SetBounds() not implemented on this platform

[0105/130809.652:ERROR:cef_log.cpp(16)] [Browser process] SetBounds() not implemented on this platform

[0105/130809.670:ERROR:cef_log.cpp(16)] [Browser process] SetBounds() not implemented on this platform

[0105/130809.685:ERROR:cef_log.cpp(16)] [Browser process] SetBounds() not implemented on this platform

[0105/130809.702:ERROR:cef_log.cpp(16)] [Browser process] SetBounds() not implemented on this platform

[0105/130809.716:ERROR:cef_log.cpp(16)] [Browser process] SetBounds() not implemented on this platform

[0105/130809.733:ERROR:cef_log.cpp(16)] [Browser process] SetBounds() not implemented on this platform

[0105/130809.748:ERROR:cef_log.cpp(16)] [Browser process] SetBounds() not implemented on this platform

[0105/130809.764:ERROR:cef_log.cpp(16)] [Browser process] SetBounds() not implemented on this platform

[0105/130809.778:ERROR:cef_log.cpp(16)] [Browser process] SetBounds() not implemented on this platform

[0105/130809.796:ERROR:cef_log.cpp(16)] [Browser process] SetBounds() not implemented on this platform

[0105/130809.810:ERROR:cef_log.cpp(16)] [Browser process] SetBounds() not implemented on this platform

[0105/130809.827:ERROR:cef_log.cpp(16)] [Browser process] SetBounds() not implemented on this platform

[0105/130809.842:ERROR:cef_log.cpp(16)] [Browser process] SetBounds() not implemented on this platform

[0105/130809.861:ERROR:cef_log.cpp(16)] [Browser process] SetBounds() not implemented on this platform

[0105/130809.883:ERROR:cef_log.cpp(16)] [Browser process] SetBounds() not implemented on this platform

[0105/130809.893:ERROR:cef_log.cpp(16)] [Browser process] SetBounds() not implemented on this platform

[0105/130809.908:ERROR:cef_log.cpp(16)] [Browser process] SetBounds() not implemented on this platform

[0105/130809.956:ERROR:cef_log.cpp(16)] [Browser process] SetBounds() not implemented on this platform

[0105/130809.965:ERROR:cef_log.cpp(16)] [Browser process] SetBounds() not implemented on this platform

[0105/130809.982:ERROR:cef_log.cpp(16)] [Browser process] SetBounds() not implemented on this platform

[0105/130809.997:ERROR:cef_log.cpp(16)] [Browser process] SetBounds() not implemented on this platform

[0105/130810.014:ERROR:cef_log.cpp(16)] [Browser process] SetBounds() not implemented on this platform

[0105/130810.030:ERROR:cef_log.cpp(16)] [Browser process] SetBounds() not implemented on this platform

[0105/130810.044:ERROR:cef_log.cpp(16)] [Browser process] SetBounds() not implemented on this platform

[0105/130810.061:ERROR:cef_log.cpp(16)] [Browser process] SetBounds() not implemented on this platform

[0105/130810.084:ERROR:cef_log.cpp(16)] [Browser process] SetBounds() not implemented on this platform

[0105/130810.093:ERROR:cef_log.cpp(16)] [Browser process] SetBounds() not implemented on this platform

[0105/130810.109:ERROR:cef_log.cpp(16)] [Browser process] SetBounds() not implemented on this platform

[0105/130810.132:ERROR:cef_log.cpp(16)] [Browser process] SetBounds() not implemented on this platform

[0105/130810.140:ERROR:cef_log.cpp(16)] [Browser process] SetBounds() not implemented on this platform

[0105/130810.153:ERROR:cef_log.cpp(16)] [Browser process] SetBounds() not implemented on this platform

[0105/130810.169:ERROR:cef_log.cpp(16)] [Browser process] SetBounds() not implemented on this platform

[0105/130810.188:ERROR:cef_log.cpp(16)] [Browser process] SetBounds() not implemented on this platform

[0105/130810.244:ERROR:cef_log.cpp(16)] [Browser process] SetBounds() not implemented on this platform

[0105/130810.276:ERROR:cef_log.cpp(16)] [Browser process] SetBounds() not implemented on this platform

[0105/130810.357:ERROR:cef_log.cpp(16)] [Browser process] SetBounds() not implemented on this platform

[0105/130810.380:ERROR:cef_log.cpp(16)] [Browser process] SetBounds() not implemented on this platform

[0105/130810.388:ERROR:cef_log.cpp(16)] [Browser process] SetBounds() not implemented on this platform

[0105/130810.436:ERROR:cef_log.cpp(16)] [Browser process] SetBounds() not implemented on this platform

[0105/130810.449:ERROR:cef_log.cpp(16)] [Browser process] SetBounds() not implemented on this platform

[0105/130810.466:ERROR:cef_log.cpp(16)] [Browser process] SetBounds() not implemented on this platform

[0105/130810.478:ERROR:cef_log.cpp(16)] [Browser process] SetBounds() not implemented on this platform

[0105/130821.953:ERROR:render_media_log.cc(30)] MediaEvent: MEDIA_ERROR_LOG_ENTRY {"error":"FFmpegDemuxer: no supported streams"}
[0105/130821.953:ERROR:render_media_log.cc(30)] MediaEvent: PIPELINE_ERROR DEMUXER_ERROR_NO_SUPPORTED_STREAMS
[0105/130828.558:ERROR:quota_settings.cc(109)] Unable to compute QuotaSettings.
[0105/130828.793:ERROR:render_media_log.cc(30)] MediaEvent: MEDIA_ERROR_LOG_ENTRY {"error":"FFmpegDemuxer: no supported streams"}
[0105/130828.794:ERROR:render_media_log.cc(30)] MediaEvent: PIPELINE_ERROR DEMUXER_ERROR_NO_SUPPORTED_STREAMS
[0105/130828.795:ERROR:render_media_log.cc(30)] MediaEvent: MEDIA_ERROR_LOG_ENTRY {"error":"FFmpegDemuxer: no supported streams"}
[0105/130828.795:ERROR:render_media_log.cc(30)] MediaEvent: PIPELINE_ERROR DEMUXER_ERROR_NO_SUPPORTED_STREAMS
[0105/130828.838:ERROR:ssl_client_socket_impl.cc(1098)] handshake failed; returned -1, SSL error code 1, net_error -100
[0105/130830.005:ERROR:cef_log.cpp(16)] [Browser process] SetBounds() not implemented on this platform

[0105/130830.036:ERROR:render_media_log.cc(30)] MediaEvent: MEDIA_ERROR_LOG_ENTRY {"error":"FFmpegDemuxer: no supported streams"}
[0105/130830.036:ERROR:render_media_log.cc(30)] MediaEvent: PIPELINE_ERROR DEMUXER_ERROR_NO_SUPPORTED_STREAMS
[0105/130830.153:ERROR:render_media_log.cc(30)] MediaEvent: MEDIA_ERROR_LOG_ENTRY {"error":"FFmpegDemuxer: no supported streams"}
[0105/130830.154:ERROR:render_media_log.cc(30)] MediaEvent: PIPELINE_ERROR DEMUXER_ERROR_NO_SUPPORTED_STREAMS
[0105/130830.574:ERROR:ssl_client_socket_impl.cc(1098)] handshake failed; returned -1, SSL error code 1, net_error -100
[0105/130833.467:ERROR:cef_log.cpp(16)] [Browser process] SetBounds() not implemented on this platform

