
[2024-01-05 12:49:45] Traceback (most recent call last):
  File "C:\Users\Jhinattan Rocha\Documents\GitHub\Navegador\CustomElements\CEF\WebViewCuston.py", line 339, in <module>
    main()
  File "C:\Users\Jhinattan Rocha\Documents\GitHub\Navegador\CustomElements\CEF\WebViewCuston.py", line 53, in main
    app = CefApplication(sys.argv)
  File "C:\Users\Jhinattan Rocha\Documents\GitHub\Navegador\CustomElements\CEF\WebViewCuston.py", line 196, in __init__
    self.setupIcon()
  File "C:\Users\Jhinattan Rocha\Documents\GitHub\Navegador\CustomElements\CEF\WebViewCuston.py", line 214, in setupIcon
    "resources", "{0}.png".format(sys.argv[1]))
IndexError: list index out of range


[2024-01-05 12:57:38] Traceback (most recent call last):
  File "C:\Users\Jhinattan Rocha\Documents\GitHub\Navegador\CustomElements\CEF\WebViewCuston.py", line 101, in resizeEvent
    self.browser.SetClientBounds(*self._browser_widget.geometry().getRect())
AttributeError: 'cefpython_py39.PyBrowser' object has no attribute 'SetClientBounds'


[2024-01-05 12:59:07] Traceback (most recent call last):
  File "C:\Users\Jhinattan Rocha\Documents\GitHub\Navegador\CustomElements\CEF\WebViewCuston.py", line 108, in <module>
    window = ChromiumBrowserWindow()
  File "C:\Users\Jhinattan Rocha\Documents\GitHub\Navegador\CustomElements\CEF\WebViewCuston.py", line 38, in __init__
    self.show()
  File "C:\Users\Jhinattan Rocha\Documents\GitHub\Navegador\CustomElements\CEF\WebViewCuston.py", line 101, in resizeEvent
    self.browser.NotifyMoveOrResizeStarted()
  File "browser.pyx", line 530, in cefpython_py39.PyBrowser.NotifyMoveOrResizeStarted
  File "browser.pyx", line 531, in cefpython_py39.PyBrowser.NotifyMoveOrResizeStarted
  File "browser.pyx", line 217, in cefpython_py39.PyBrowser.GetCefBrowserHost
  File "browser.pyx", line 212, in cefpython_py39.PyBrowser.GetCefBrowser
Exception: PyBrowser.GetCefBrowser() failed: CefBrowser was destroyed


[2024-01-05 13:00:05] Traceback (most recent call last):
  File "C:\Users\Jhinattan Rocha\Documents\GitHub\Navegador\CustomElements\CEF\WebViewCuston.py", line 108, in <module>
    window = ChromiumBrowserWindow()
  File "C:\Users\Jhinattan Rocha\Documents\GitHub\Navegador\CustomElements\CEF\WebViewCuston.py", line 38, in __init__
    self.show()
  File "C:\Users\Jhinattan Rocha\Documents\GitHub\Navegador\CustomElements\CEF\WebViewCuston.py", line 101, in resizeEvent
    self.browser.NotifyMoveOrResizeStarted()
  File "browser.pyx", line 530, in cefpython_py39.PyBrowser.NotifyMoveOrResizeStarted
  File "browser.pyx", line 531, in cefpython_py39.PyBrowser.NotifyMoveOrResizeStarted
  File "browser.pyx", line 217, in cefpython_py39.PyBrowser.GetCefBrowserHost
  File "browser.pyx", line 212, in cefpython_py39.PyBrowser.GetCefBrowser
Exception: PyBrowser.GetCefBrowser() failed: CefBrowser was destroyed


[2024-01-05 13:02:18] Traceback (most recent call last):
  File "C:\Users\Jhinattan Rocha\Documents\GitHub\Navegador\CustomElements\CEF\WebViewCuston.py", line 101, in resizeEvent
    cef.WindowUtils.OnSize(self.HANDLERS, 0, 0, 0)
  File "window_utils_win.pyx", line 19, in cefpython_py39.WindowUtils.OnSize
TypeError: an integer is required

